# JRE version: OpenJDK Runtime Environment (17.0.1+12) (build 17.0.1+12-39)
# Java VM: OpenJDK 64-Bit Server VM (17.0.1+12-39, mixed mode, sharing, tiered, compressed oops, compressed class ptrs, g1 gc, windows-amd64)
GC Precious Log:
 CPUs: 4 total, 4 available
 Memory: 8061M
 Large Page Support: Disabled
 NUMA Support: Disabled
 Compressed Oops: Enabled (32-bit)
 Heap Region Size: 1M
 Heap Min Capacity: 8M
 Heap Initial Capacity: 126M
 Heap Max Capacity: 2016M
 Pre-touch: Disabled
 Parallel Workers: 4
 Concurrent Workers: 1
 Concurrent Refinement Workers: 4
 Periodic GC: Disabled
Heap:
 garbage-first heap   total 104448K, used 66140K [0x0000000082000000, 0x0000000100000000)
  region size 1024K, 51 young (52224K), 1 survivors (1024K)
 Metaspace       used 32806K, committed 33024K, reserved 1081344K
  class space    used 4320K, committed 4416K, reserved 1048576K
GC Heap History (20 events):
Event: 1.560 GC heap before
{Heap before GC invocations=0 (full 0):
 garbage-first heap   total 129024K, used 14336K [0x0000000082000000, 0x0000000100000000)
  region size 1024K, 13 young (13312K), 0 survivors (0K)
 Metaspace       used 2620K, committed 2816K, reserved 1056768K
  class space    used 238K, committed 320K, reserved 1048576K
}
Event: 1.568 GC heap after
{Heap after GC invocations=1 (full 0):
 garbage-first heap   total 129024K, used 7511K [0x0000000082000000, 0x0000000100000000)
  region size 1024K, 2 young (2048K), 2 survivors (2048K)
 Metaspace       used 2620K, committed 2816K, reserved 1056768K
  class space    used 238K, committed 320K, reserved 1048576K
}
Event: 2.117 GC heap before
{Heap before GC invocations=1 (full 0):
 garbage-first heap   total 129024K, used 14679K [0x0000000082000000, 0x0000000100000000)
  region size 1024K, 10 young (10240K), 2 survivors (2048K)
 Metaspace       used 4623K, committed 4800K, reserved 1056768K
  class space    used 488K, committed 576K, reserved 1048576K
}
Event: 2.122 GC heap after
{Heap after GC invocations=2 (full 0):
 garbage-first heap   total 129024K, used 7935K [0x0000000082000000, 0x0000000100000000)
  region size 1024K, 1 young (1024K), 1 survivors (1024K)
 Metaspace       used 4623K, committed 4800K, reserved 1056768K
  class space    used 488K, committed 576K, reserved 1048576K
}
Event: 2.148 GC heap before
{Heap before GC invocations=2 (full 0):
 garbage-first heap   total 129024K, used 30463K [0x0000000082000000, 0x0000000100000000)
  region size 1024K, 24 young (24576K), 1 survivors (1024K)
 Metaspace       used 4623K, committed 4800K, reserved 1056768K
  class space    used 488K, committed 576K, reserved 1048576K
}
Event: 2.150 GC heap after
{Heap after GC invocations=3 (full 0):
 garbage-first heap   total 129024K, used 7939K [0x0000000082000000, 0x0000000100000000)
  region size 1024K, 1 young (1024K), 1 survivors (1024K)
 Metaspace       used 4623K, committed 4800K, reserved 1056768K
  class space    used 488K, committed 576K, reserved 1048576K
}
Event: 6.959 GC heap before
{Heap before GC invocations=3 (full 0):
 garbage-first heap   total 129024K, used 82691K [0x0000000082000000, 0x0000000100000000)
  region size 1024K, 75 young (76800K), 1 survivors (1024K)
 Metaspace       used 15703K, committed 15936K, reserved 1064960K
  class space    used 1917K, committed 1984K, reserved 1048576K
}
Event: 6.968 GC heap after
{Heap after GC invocations=4 (full 0):
 garbage-first heap   total 129024K, used 10912K [0x0000000082000000, 0x0000000100000000)
  region size 1024K, 4 young (4096K), 4 survivors (4096K)
 Metaspace       used 15703K, committed 15936K, reserved 1064960K
  class space    used 1917K, committed 1984K, reserved 1048576K
}
Event: 12.136 GC heap before
{Heap before GC invocations=4 (full 0):
 garbage-first heap   total 129024K, used 78496K [0x0000000082000000, 0x0000000100000000)
  region size 1024K, 72 young (73728K), 4 survivors (4096K)
 Metaspace       used 21261K, committed 21504K, reserved 1073152K
  class space    used 2610K, committed 2752K, reserved 1048576K
}
Event: 12.168 GC heap after
{Heap after GC invocations=5 (full 0):
 garbage-first heap   total 129024K, used 13831K [0x0000000082000000, 0x0000000100000000)
  region size 1024K, 7 young (7168K), 7 survivors (7168K)
 Metaspace       used 21261K, committed 21504K, reserved 1073152K
  class space    used 2610K, committed 2752K, reserved 1048576K
}
Event: 15.477 GC heap before
{Heap before GC invocations=6 (full 0):
 garbage-first heap   total 51200K, used 37383K [0x0000000082000000, 0x0000000100000000)
  region size 1024K, 30 young (30720K), 7 survivors (7168K)
 Metaspace       used 26203K, committed 26496K, reserved 1073152K
  class space    used 3290K, committed 3456K, reserved 1048576K
}
Event: 15.508 GC heap after
{Heap after GC invocations=7 (full 0):
 garbage-first heap   total 51200K, used 16416K [0x0000000082000000, 0x0000000100000000)
  region size 1024K, 3 young (3072K), 3 survivors (3072K)
 Metaspace       used 26203K, committed 26496K, reserved 1073152K
  class space    used 3290K, committed 3456K, reserved 1048576K
}
Event: 15.520 GC heap before
{Heap before GC invocations=7 (full 0):
 garbage-first heap   total 51200K, used 16416K [0x0000000082000000, 0x0000000100000000)
  region size 1024K, 4 young (4096K), 3 survivors (3072K)
 Metaspace       used 26206K, committed 26496K, reserved 1073152K
  class space    used 3290K, committed 3456K, reserved 1048576K
}
Event: 15.527 GC heap after
{Heap after GC invocations=8 (full 0):
 garbage-first heap   total 51200K, used 16943K [0x0000000082000000, 0x0000000100000000)
  region size 1024K, 1 young (1024K), 1 survivors (1024K)
 Metaspace       used 26206K, committed 26496K, reserved 1073152K
  class space    used 3290K, committed 3456K, reserved 1048576K
}
Event: 15.532 GC heap before
{Heap before GC invocations=8 (full 0):
 garbage-first heap   total 51200K, used 35375K [0x0000000082000000, 0x0000000100000000)
  region size 1024K, 20 young (20480K), 1 survivors (1024K)
 Metaspace       used 26206K, committed 26496K, reserved 1073152K
  class space    used 3290K, committed 3456K, reserved 1048576K
}
Event: 15.533 GC heap after
{Heap after GC invocations=9 (full 0):
 garbage-first heap   total 51200K, used 16739K [0x0000000082000000, 0x0000000100000000)
  region size 1024K, 1 young (1024K), 1 survivors (1024K)
 Metaspace       used 26206K, committed 26496K, reserved 1073152K
  class space    used 3290K, committed 3456K, reserved 1048576K
}
Event: 15.618 GC heap before
{Heap before GC invocations=9 (full 0):
 garbage-first heap   total 51200K, used 36195K [0x0000000082000000, 0x0000000100000000)
  region size 1024K, 21 young (21504K), 1 survivors (1024K)
 Metaspace       used 26224K, committed 26560K, reserved 1073152K
  class space    used 3290K, committed 3456K, reserved 1048576K
}
Event: 15.619 GC heap after
{Heap after GC invocations=10 (full 0):
 garbage-first heap   total 51200K, used 16698K [0x0000000082000000, 0x0000000100000000)
  region size 1024K, 1 young (1024K), 1 survivors (1024K)
 Metaspace       used 26224K, committed 26560K, reserved 1073152K
  class space    used 3290K, committed 3456K, reserved 1048576K
}
Event: 15.843 GC heap before
{Heap before GC invocations=10 (full 0):
 garbage-first heap   total 51200K, used 37178K [0x0000000082000000, 0x0000000100000000)
  region size 1024K, 22 young (22528K), 1 survivors (1024K)
 Metaspace       used 26771K, committed 27072K, reserved 1073152K
  class space    used 3342K, committed 3456K, reserved 1048576K
}
Event: 15.845 GC heap after
{Heap after GC invocations=11 (full 0):
 garbage-first heap   total 104448K, used 16988K [0x0000000082000000, 0x0000000100000000)
  region size 1024K, 1 young (1024K), 1 survivors (1024K)
 Metaspace       used 26771K, committed 27072K, reserved 1073152K
  class space    used 3342K, committed 3456K, reserved 1048576K
}

